07/06/2019 02:32:55 DEBUG: read data from tf/dev/terraform.tfstate
07/06/2019 02:33:10 DEBUG: read data from tf/dev/terraform.tfstate
07/06/2019 02:33:10 INFO:  bash_generator function was executed in 0.01s
07/06/2019 02:33:10 INFO:  sql_generator function was executed in 0.01s
07/06/2019 02:33:10 INFO:  creating tables. . . . . 
07/06/2019 02:33:14 INFO:  connected to mysql server version: 5.7.22
07/06/2019 02:33:18 INFO:  db connection is closed. . . 
07/06/2019 02:33:18 INFO:  execute_query function was executed in 7.36s
07/06/2019 02:33:18 INFO:  loading data to tables. . . . 
07/06/2019 02:35:23 INFO: loading to ownership table . . . 
loading ownership.part_aaaaaa
loading to deleted table . . . 
loading deleted.part_aaaaaa
loading deleted.part_aaaaab

07/06/2019 02:35:23 INFO:  execute_bash function was executed in 125.23s
07/06/2019 02:35:23 INFO:  dropping headers. . . .
07/06/2019 02:35:26 INFO:  connected to mysql server version: 5.7.22
07/06/2019 02:35:28 INFO:  db connection is closed. . . 
07/06/2019 02:35:28 INFO:  execute_query function was executed in 5.12s
07/06/2019 02:35:31 INFO:  Importing temp load test metrics from pickle file and testing
07/06/2019 02:35:31 INFO: Completed load test to check number of rows
07/06/2019 02:35:31 INFO:  test_load function was executed in 0.00s
07/06/2019 02:35:31 INFO:  completed loading data to rds. . . .
